<?xml version="1.0" encoding="UTF-8"?>
<testng-results ignored="0" total="2" passed="2" failed="0" skipped="0">
  <reporter-output>
  </reporter-output>
  <suite started-at="2024-04-25T07:32:14 GMT" name="Default suite" finished-at="2024-04-25T07:32:21 GMT" duration-ms="7468">
    <groups>
    </groups>
    <test started-at="2024-04-25T07:32:14 GMT" name="Default test" finished-at="2024-04-25T07:32:21 GMT" duration-ms="7468">
      <class name="testScripts.GooglePageTest">
        <test-method signature="JavaTutorialsearch()[pri:0, instance:testScripts.GooglePageTest@7e9131d5]" started-at="2024-04-25T07:32:14 GMT" name="JavaTutorialsearch" finished-at="2024-04-25T07:32:18 GMT" duration-ms="4016" status="PASS">
          <reporter-output>
          </reporter-output>
        </test-method> <!-- JavaTutorialsearch -->
        <test-method signature="JavaTutorialsearch1()[pri:0, instance:testScripts.GooglePageTest@7e9131d5]" started-at="2024-04-25T07:32:18 GMT" name="JavaTutorialsearch1" finished-at="2024-04-25T07:32:21 GMT" duration-ms="3401" status="PASS">
          <reporter-output>
          </reporter-output>
        </test-method> <!-- JavaTutorialsearch1 -->
      </class> <!-- testScripts.GooglePageTest -->
    </test> <!-- Default test -->
  </suite> <!-- Default suite -->
</testng-results>
